AUTOCREATE
2018-07-26T00:30:05+0200 : 4|Pimcore\Bundle\AdminBundle\Controller\Admin\IndexController::indexAction|pimcore_admin_index|[]|[]
2018-07-26T00:30:06+0200 : 4|Pimcore\Bundle\AdminBundle\Controller\Admin\UserController::getImageAction|pimcore_admin_user_getimage|[]|[]
2018-07-26T00:30:06+0200 : 4|Pimcore\Bundle\AdminBundle\Controller\Admin\MiscController::jsonTranslationsSystemAction|pimcore_admin_misc_jsontranslationssystem|[]|{"language":"en"}
2018-07-26T00:30:06+0200 : 4|Pimcore\Bundle\AdminBundle\Controller\Admin\UserController::getCurrentUserAction|pimcore_admin_user_getcurrentuser|[]|[]
2018-07-26T00:30:06+0200 : 4|Pimcore\Bundle\AdminBundle\Controller\Admin\MiscController::adminCssAction|pimcore_admin_misc_admincss|[]|[]
2018-07-26T00:30:06+0200 : 4|Pimcore\Bundle\AdminBundle\Controller\Admin\MiscController::availableLanguagesAction|pimcore_admin_misc_availablelanguages|[]|[]
2018-07-26T00:30:07+0200 : 4|Pimcore\Bundle\AdminBundle\Controller\Admin\MiscController::scriptProxyAction|pimcore_admin_misc_scriptproxy|[]|{"scripts":"minified_javascript_core_920234191da9ea1..."}
2018-07-26T00:30:09+0200 : 4|Pimcore\Bundle\AdminBundle\Controller\Admin\ClassController::getTreeAction|pimcore_admin_class_gettree|[]|{"page":"1","start":"0","limit":"25"}
2018-07-26T00:30:09+0200 : 4|Pimcore\Bundle\AdminBundle\Controller\Admin\SettingsController::getAvailableAdminLanguagesAction|pimcore_admin_settings_getavailableadminlanguages|[]|{"page":"1","start":"0","limit":"25"}
2018-07-26T00:30:09+0200 : 4|Pimcore\Bundle\AdminBundle\Controller\Admin\ClassController::getTreeAction|pimcore_admin_class_gettree|[]|{"createAllowed":"true","page":"1","start":"0","limit":"25"}
2018-07-26T00:30:09+0200 : 4|Pimcore\Bundle\AdminBundle\Controller\Admin\TargetingController::targetGroupListAction|pimcore_admin_targeting_targetgrouplist|[]|{"page":"1","start":"0","limit":"25"}
2018-07-26T00:30:09+0200 : 4|Pimcore\Bundle\AdminBundle\Controller\Admin\SettingsController::getAvailableSitesAction|pimcore_admin_settings_getavailablesites|[]|{"page":"1","start":"0","limit":"25"}
2018-07-26T00:30:09+0200 : 4|Pimcore\Bundle\AdminBundle\Controller\Admin\DocumentController::treeGetRootAction|pimcore_admin_document_treegetroot|[]|{"id":"1","view":"","elementType":"document"}
2018-07-26T00:30:09+0200 : 4|Pimcore\Bundle\AdminBundle\Controller\Admin\SettingsController::displayCustomLogoAction|pimcore_settings_display_custom_logo|[]|[]
2018-07-26T00:30:09+0200 : 4|Pimcore\Bundle\AdminBundle\Controller\Admin\AssetController::treeGetRootAction|pimcore_admin_asset_treegetroot|[]|{"id":"1","view":"","elementType":"asset"}
2018-07-26T00:30:09+0200 : 4|Pimcore\Bundle\AdminBundle\Controller\Admin\DataObjectController::treeGetRootAction|pimcore_admin_dataobject_treegetroot|[]|{"id":"","view":"","elementType":"object"}
2018-07-26T00:30:09+0200 : 4|Pimcore\Bundle\AdminBundle\Controller\Admin\PortalController::dashboardListAction|pimcore_admin_portal_dashboardlist|[]|[]
2018-07-26T00:30:09+0200 : 4|Pimcore\Bundle\AdminBundle\Controller\Admin\DocumentController::treeGetChildsByIdAction|pimcore_admin_document_treegetchildsbyid|[]|{"limit":"100","view":"","node":"1"}
2018-07-26T00:30:09+0200 : 4|Pimcore\Bundle\AdminBundle\Controller\Admin\DocumentController::docTypesGetAction|pimcore_admin_document_doctypesget|[]|{"xaction":"read","page":"1","start":"0","limit":"25"}
2018-07-26T00:30:09+0200 : 4|Pimcore\Bundle\AdminBundle\Controller\Admin\DocumentController::treeGetChildsByIdAction|pimcore_admin_document_treegetchildsbyid|[]|{"limit":"100","view":"","node":"1"}
2018-07-26T00:30:09+0200 : 4|Pimcore\Bundle\AdminBundle\Controller\Admin\AssetController::treeGetChildsByIdAction|pimcore_admin_asset_treegetchildsbyid|[]|{"limit":"30","view":"","node":"1"}
2018-07-26T00:30:09+0200 : 4|Pimcore\Bundle\AdminBundle\Controller\Admin\AssetController::treeGetChildsByIdAction|pimcore_admin_asset_treegetchildsbyid|[]|{"limit":"30","view":"","node":"1"}
2018-07-26T00:30:09+0200 : 4|Pimcore\Bundle\AdminBundle\Controller\Admin\DataObjectController::treeGetChildsByIdAction|pimcore_admin_dataobject_treegetchildsbyid|[]|{"limit":"30","view":"","node":"1"}
2018-07-26T00:30:09+0200 : 4|Pimcore\Bundle\AdminBundle\Controller\Admin\DataObjectController::treeGetChildsByIdAction|pimcore_admin_dataobject_treegetchildsbyid|[]|{"limit":"30","view":"","node":"1"}
2018-07-26T00:30:10+0200 : 4|Pimcore\Bundle\AdminBundle\Controller\Reports\CustomReportController::getReportConfigAction|pimcore_admin_reports_customreport_getreportconfig|[]|[]
2018-07-26T00:30:21+0200 : 4|Pimcore\Bundle\AdminBundle\Controller\Admin\SettingsController::getSystemAction|pimcore_admin_settings_getsystem|[]|[]
2018-07-26T00:30:29+0200 : 4|Pimcore\Bundle\AdminBundle\Controller\Admin\SettingsController::setSystemAction|pimcore_admin_settings_setsystem|[]|{"data":"{\"general.timezone\":\"Europe\\\/Berlin\",\"ge..."}
2018-07-26T00:30:47+0200 : 4|Pimcore\Bundle\AdminBundle\Controller\Admin\TranslationController::addAdminTranslationKeysAction|pimcore_admin_translation_addadmintranslationkeys|[]|{"keys":"[\"blogArticle\",\"blogCategory\",\"blogArtic..."}
2018-07-26T01:06:47+0200 : 4|Pimcore\Bundle\AdminBundle\Controller\Admin\MiscController::pingAction|pimcore_admin_misc_ping|[]|[]
2018-07-26T01:29:47+0200 : 4|Pimcore\Bundle\AdminBundle\Controller\Admin\MiscController::pingAction|pimcore_admin_misc_ping|[]|[]
2018-07-26T01:52:47+0200 : 4|Pimcore\Bundle\AdminBundle\Controller\Admin\MiscController::pingAction|pimcore_admin_misc_ping|[]|[]
2018-07-26T17:39:21+0200 : 4|Pimcore\Bundle\AdminBundle\Controller\Admin\MiscController::pingAction|pimcore_admin_misc_ping|[]|[]
2018-07-26T18:02:21+0200 : 4|Pimcore\Bundle\AdminBundle\Controller\Admin\MiscController::pingAction|pimcore_admin_misc_ping|[]|[]
2018-07-26T18:26:18+0200 : 4|Pimcore\Bundle\AdminBundle\Controller\Admin\MiscController::pingAction|pimcore_admin_misc_ping|[]|[]
2018-07-26T18:49:42+0200 : 4|Pimcore\Bundle\AdminBundle\Controller\Admin\MiscController::pingAction|pimcore_admin_misc_ping|[]|[]
2018-07-26T19:12:42+0200 : 4|Pimcore\Bundle\AdminBundle\Controller\Admin\MiscController::pingAction|pimcore_admin_misc_ping|[]|[]
2018-07-26T19:32:04+0200 : 0|Pimcore\Bundle\AdminBundle\Controller\Admin\LoginController::loginAction|pimcore_admin_login|[]|[]
2018-07-26T19:36:31+0200 : 4|Pimcore\Bundle\AdminBundle\Controller\Admin\MiscController::pingAction|pimcore_admin_misc_ping|[]|[]
2018-07-26T19:59:31+0200 : 4|Pimcore\Bundle\AdminBundle\Controller\Admin\MiscController::pingAction|pimcore_admin_misc_ping|[]|[]
2018-07-26T20:01:30+0200 : 4|Pimcore\Bundle\AdminBundle\Controller\Admin\IndexController::indexAction|pimcore_admin_index|[]|[]
2018-07-26T20:01:32+0200 : 4|Pimcore\Bundle\AdminBundle\Controller\Admin\UserController::getImageAction|pimcore_admin_user_getimage|[]|[]
2018-07-26T20:01:32+0200 : 4|Pimcore\Bundle\AdminBundle\Controller\Admin\MiscController::jsonTranslationsSystemAction|pimcore_admin_misc_jsontranslationssystem|[]|{"language":"en"}
2018-07-26T20:01:32+0200 : 4|Pimcore\Bundle\AdminBundle\Controller\Admin\UserController::getCurrentUserAction|pimcore_admin_user_getcurrentuser|[]|[]
2018-07-26T20:01:32+0200 : 4|Pimcore\Bundle\AdminBundle\Controller\Admin\MiscController::availableLanguagesAction|pimcore_admin_misc_availablelanguages|[]|[]
2018-07-26T20:01:32+0200 : 4|Pimcore\Bundle\AdminBundle\Controller\Admin\MiscController::adminCssAction|pimcore_admin_misc_admincss|[]|[]
2018-07-26T20:01:32+0200 : 4|Pimcore\Bundle\AdminBundle\Controller\Admin\MiscController::scriptProxyAction|pimcore_admin_misc_scriptproxy|[]|{"scripts":"minified_javascript_core_920234191da9ea1..."}
2018-07-26T20:01:35+0200 : 4|Pimcore\Bundle\AdminBundle\Controller\Admin\ClassController::getTreeAction|pimcore_admin_class_gettree|[]|{"page":"1","start":"0","limit":"25"}
2018-07-26T20:01:35+0200 : 4|Pimcore\Bundle\AdminBundle\Controller\Admin\SettingsController::getAvailableSitesAction|pimcore_admin_settings_getavailablesites|[]|{"page":"1","start":"0","limit":"25"}
2018-07-26T20:01:35+0200 : 4|Pimcore\Bundle\AdminBundle\Controller\Admin\ClassController::getTreeAction|pimcore_admin_class_gettree|[]|{"createAllowed":"true","page":"1","start":"0","limit":"25"}
2018-07-26T20:01:35+0200 : 4|Pimcore\Bundle\AdminBundle\Controller\Admin\TargetingController::targetGroupListAction|pimcore_admin_targeting_targetgrouplist|[]|{"page":"1","start":"0","limit":"25"}
2018-07-26T20:01:35+0200 : 4|Pimcore\Bundle\AdminBundle\Controller\Admin\SettingsController::getAvailableAdminLanguagesAction|pimcore_admin_settings_getavailableadminlanguages|[]|{"page":"1","start":"0","limit":"25"}
2018-07-26T20:01:35+0200 : 4|Pimcore\Bundle\AdminBundle\Controller\Admin\SettingsController::displayCustomLogoAction|pimcore_settings_display_custom_logo|[]|[]
2018-07-26T20:01:35+0200 : 4|Pimcore\Bundle\AdminBundle\Controller\Admin\DocumentController::treeGetRootAction|pimcore_admin_document_treegetroot|[]|{"id":"1","view":"","elementType":"document"}
2018-07-26T20:01:35+0200 : 4|Pimcore\Bundle\AdminBundle\Controller\Admin\AssetController::treeGetRootAction|pimcore_admin_asset_treegetroot|[]|{"id":"1","view":"","elementType":"asset"}
2018-07-26T20:01:35+0200 : 4|Pimcore\Bundle\AdminBundle\Controller\Admin\PortalController::dashboardListAction|pimcore_admin_portal_dashboardlist|[]|[]
2018-07-26T20:01:35+0200 : 4|Pimcore\Bundle\AdminBundle\Controller\Admin\DataObjectController::treeGetRootAction|pimcore_admin_dataobject_treegetroot|[]|{"id":"","view":"","elementType":"object"}
2018-07-26T20:01:35+0200 : 4|Pimcore\Bundle\AdminBundle\Controller\Admin\DocumentController::docTypesGetAction|pimcore_admin_document_doctypesget|[]|{"xaction":"read","page":"1","start":"0","limit":"25"}
2018-07-26T20:01:35+0200 : 4|Pimcore\Bundle\AdminBundle\Controller\Admin\DocumentController::treeGetChildsByIdAction|pimcore_admin_document_treegetchildsbyid|[]|{"limit":"100","view":"","node":"1"}
2018-07-26T20:01:35+0200 : 4|Pimcore\Bundle\AdminBundle\Controller\Admin\DocumentController::treeGetChildsByIdAction|pimcore_admin_document_treegetchildsbyid|[]|{"limit":"100","view":"","node":"1"}
2018-07-26T20:01:35+0200 : 4|Pimcore\Bundle\AdminBundle\Controller\Admin\AssetController::treeGetChildsByIdAction|pimcore_admin_asset_treegetchildsbyid|[]|{"limit":"30","view":"","node":"1"}
2018-07-26T20:01:36+0200 : 4|Pimcore\Bundle\AdminBundle\Controller\Admin\AssetController::treeGetChildsByIdAction|pimcore_admin_asset_treegetchildsbyid|[]|{"limit":"30","view":"","node":"1"}
2018-07-26T20:01:36+0200 : 4|Pimcore\Bundle\AdminBundle\Controller\Admin\DataObjectController::treeGetChildsByIdAction|pimcore_admin_dataobject_treegetchildsbyid|[]|{"limit":"30","view":"","node":"1"}
2018-07-26T20:01:36+0200 : 4|Pimcore\Bundle\AdminBundle\Controller\Admin\DataObjectController::treeGetChildsByIdAction|pimcore_admin_dataobject_treegetchildsbyid|[]|{"limit":"30","view":"","node":"1"}
2018-07-26T20:01:36+0200 : 4|Pimcore\Bundle\AdminBundle\Controller\Reports\CustomReportController::getReportConfigAction|pimcore_admin_reports_customreport_getreportconfig|[]|[]
2018-07-26T20:27:07+0200 : 4|Symfony\Bundle\FrameworkBundle\Controller\RedirectController::urlRedirectAction|pimcore_admin_index|{"path":"\/admin\/","permanent":true,"scheme":null,"httpPort":80,"httpsPort":443}|[]
2018-07-26T20:27:07+0200 : 4|Pimcore\Bundle\AdminBundle\Controller\Admin\IndexController::indexAction|pimcore_admin_index|[]|[]
2018-07-26T20:27:08+0200 : 4|Pimcore\Bundle\AdminBundle\Controller\Admin\UserController::getImageAction|pimcore_admin_user_getimage|[]|[]
2018-07-26T20:27:08+0200 : 4|Pimcore\Bundle\AdminBundle\Controller\Admin\MiscController::jsonTranslationsSystemAction|pimcore_admin_misc_jsontranslationssystem|[]|{"language":"en"}
2018-07-26T20:27:08+0200 : 4|Pimcore\Bundle\AdminBundle\Controller\Admin\MiscController::availableLanguagesAction|pimcore_admin_misc_availablelanguages|[]|[]
2018-07-26T20:27:08+0200 : 4|Pimcore\Bundle\AdminBundle\Controller\Admin\UserController::getCurrentUserAction|pimcore_admin_user_getcurrentuser|[]|[]
2018-07-26T20:27:08+0200 : 4|Pimcore\Bundle\AdminBundle\Controller\Admin\MiscController::adminCssAction|pimcore_admin_misc_admincss|[]|[]
2018-07-26T20:27:08+0200 : 4|Pimcore\Bundle\AdminBundle\Controller\Admin\MiscController::scriptProxyAction|pimcore_admin_misc_scriptproxy|[]|{"scripts":"minified_javascript_core_920234191da9ea1..."}
2018-07-26T20:27:10+0200 : 4|Pimcore\Bundle\AdminBundle\Controller\Admin\ClassController::getTreeAction|pimcore_admin_class_gettree|[]|{"createAllowed":"true","page":"1","start":"0","limit":"25"}
2018-07-26T20:27:10+0200 : 4|Pimcore\Bundle\AdminBundle\Controller\Admin\SettingsController::getAvailableAdminLanguagesAction|pimcore_admin_settings_getavailableadminlanguages|[]|{"page":"1","start":"0","limit":"25"}
2018-07-26T20:27:10+0200 : 4|Pimcore\Bundle\AdminBundle\Controller\Admin\ClassController::getTreeAction|pimcore_admin_class_gettree|[]|{"page":"1","start":"0","limit":"25"}
2018-07-26T20:27:10+0200 : 4|Pimcore\Bundle\AdminBundle\Controller\Admin\SettingsController::getAvailableSitesAction|pimcore_admin_settings_getavailablesites|[]|{"page":"1","start":"0","limit":"25"}
2018-07-26T20:27:10+0200 : 4|Pimcore\Bundle\AdminBundle\Controller\Admin\TargetingController::targetGroupListAction|pimcore_admin_targeting_targetgrouplist|[]|{"page":"1","start":"0","limit":"25"}
2018-07-26T20:27:10+0200 : 4|Pimcore\Bundle\AdminBundle\Controller\Admin\SettingsController::displayCustomLogoAction|pimcore_settings_display_custom_logo|[]|[]
2018-07-26T20:27:10+0200 : 4|Pimcore\Bundle\AdminBundle\Controller\Admin\DataObjectController::treeGetRootAction|pimcore_admin_dataobject_treegetroot|[]|{"id":"","view":"","elementType":"object"}
2018-07-26T20:27:10+0200 : 4|Pimcore\Bundle\AdminBundle\Controller\Admin\AssetController::treeGetRootAction|pimcore_admin_asset_treegetroot|[]|{"id":"1","view":"","elementType":"asset"}
2018-07-26T20:27:10+0200 : 4|Pimcore\Bundle\AdminBundle\Controller\Admin\DocumentController::treeGetRootAction|pimcore_admin_document_treegetroot|[]|{"id":"1","view":"","elementType":"document"}
2018-07-26T20:27:10+0200 : 4|Pimcore\Bundle\AdminBundle\Controller\Admin\PortalController::dashboardListAction|pimcore_admin_portal_dashboardlist|[]|[]
2018-07-26T20:27:10+0200 : 4|Pimcore\Bundle\AdminBundle\Controller\Admin\DocumentController::docTypesGetAction|pimcore_admin_document_doctypesget|[]|{"xaction":"read","page":"1","start":"0","limit":"25"}
2018-07-26T20:27:11+0200 : 4|Pimcore\Bundle\AdminBundle\Controller\Admin\DocumentController::treeGetChildsByIdAction|pimcore_admin_document_treegetchildsbyid|[]|{"limit":"100","view":"","node":"1"}
2018-07-26T20:27:11+0200 : 4|Pimcore\Bundle\AdminBundle\Controller\Admin\DocumentController::treeGetChildsByIdAction|pimcore_admin_document_treegetchildsbyid|[]|{"limit":"100","view":"","node":"1"}
2018-07-26T20:27:11+0200 : 4|Pimcore\Bundle\AdminBundle\Controller\Admin\AssetController::treeGetChildsByIdAction|pimcore_admin_asset_treegetchildsbyid|[]|{"limit":"30","view":"","node":"1"}
2018-07-26T20:27:11+0200 : 4|Pimcore\Bundle\AdminBundle\Controller\Admin\AssetController::treeGetChildsByIdAction|pimcore_admin_asset_treegetchildsbyid|[]|{"limit":"30","view":"","node":"1"}
2018-07-26T20:27:11+0200 : 4|Pimcore\Bundle\AdminBundle\Controller\Admin\DataObjectController::treeGetChildsByIdAction|pimcore_admin_dataobject_treegetchildsbyid|[]|{"limit":"30","view":"","node":"1"}
2018-07-26T20:27:11+0200 : 4|Pimcore\Bundle\AdminBundle\Controller\Admin\DataObjectController::treeGetChildsByIdAction|pimcore_admin_dataobject_treegetchildsbyid|[]|{"limit":"30","view":"","node":"1"}
2018-07-26T20:27:11+0200 : 4|Pimcore\Bundle\AdminBundle\Controller\Reports\CustomReportController::getReportConfigAction|pimcore_admin_reports_customreport_getreportconfig|[]|[]
2018-07-26T20:27:16+0200 : 4|Pimcore\Bundle\AdminBundle\Controller\Update\IndexController::checkFilePermissionsAction|pimcore_admin_update_index_checkfilepermissions|[]|[]
2018-07-26T20:27:16+0200 : 4|Pimcore\Bundle\AdminBundle\Controller\Update\IndexController::checkDebugModeAction|pimcore_admin_update_index_checkdebugmode|[]|[]
2018-07-26T20:27:28+0200 : 4|Pimcore\Bundle\AdminBundle\Controller\Admin\SettingsController::getSystemAction|pimcore_admin_settings_getsystem|[]|[]
2018-07-26T20:27:34+0200 : 4|Pimcore\Bundle\AdminBundle\Controller\Admin\SettingsController::setSystemAction|pimcore_admin_settings_setsystem|[]|{"data":"{\"general.timezone\":\"Europe\\\/Berlin\",\"ge..."}
2018-07-26T20:27:38+0200 : 4|Pimcore\Bundle\AdminBundle\Controller\Admin\IndexController::indexAction|pimcore_admin_index|[]|[]
2018-07-26T20:27:38+0200 : 4|Pimcore\Bundle\AdminBundle\Controller\Admin\UserController::getImageAction|pimcore_admin_user_getimage|[]|[]
2018-07-26T20:27:38+0200 : 4|Pimcore\Bundle\AdminBundle\Controller\Admin\MiscController::jsonTranslationsSystemAction|pimcore_admin_misc_jsontranslationssystem|[]|{"language":"en"}
2018-07-26T20:27:38+0200 : 4|Pimcore\Bundle\AdminBundle\Controller\Admin\UserController::getCurrentUserAction|pimcore_admin_user_getcurrentuser|[]|[]
2018-07-26T20:27:38+0200 : 4|Pimcore\Bundle\AdminBundle\Controller\Admin\MiscController::availableLanguagesAction|pimcore_admin_misc_availablelanguages|[]|[]
2018-07-26T20:27:38+0200 : 4|Pimcore\Bundle\AdminBundle\Controller\Admin\MiscController::adminCssAction|pimcore_admin_misc_admincss|[]|[]
2018-07-26T20:27:38+0200 : 4|Pimcore\Bundle\AdminBundle\Controller\Admin\MiscController::scriptProxyAction|pimcore_admin_misc_scriptproxy|[]|{"scripts":"minified_javascript_core_920234191da9ea1..."}
2018-07-26T20:27:40+0200 : 4|Pimcore\Bundle\AdminBundle\Controller\Admin\ClassController::getTreeAction|pimcore_admin_class_gettree|[]|{"page":"1","start":"0","limit":"25"}
2018-07-26T20:27:40+0200 : 4|Pimcore\Bundle\AdminBundle\Controller\Admin\SettingsController::getAvailableAdminLanguagesAction|pimcore_admin_settings_getavailableadminlanguages|[]|{"page":"1","start":"0","limit":"25"}
2018-07-26T20:27:40+0200 : 4|Pimcore\Bundle\AdminBundle\Controller\Admin\ClassController::getTreeAction|pimcore_admin_class_gettree|[]|{"createAllowed":"true","page":"1","start":"0","limit":"25"}
2018-07-26T20:27:41+0200 : 4|Pimcore\Bundle\AdminBundle\Controller\Admin\TargetingController::targetGroupListAction|pimcore_admin_targeting_targetgrouplist|[]|{"page":"1","start":"0","limit":"25"}
2018-07-26T20:27:41+0200 : 4|Pimcore\Bundle\AdminBundle\Controller\Admin\SettingsController::getAvailableSitesAction|pimcore_admin_settings_getavailablesites|[]|{"page":"1","start":"0","limit":"25"}
2018-07-26T20:27:41+0200 : 4|Pimcore\Bundle\AdminBundle\Controller\Admin\SettingsController::displayCustomLogoAction|pimcore_settings_display_custom_logo|[]|[]
2018-07-26T20:27:41+0200 : 4|Pimcore\Bundle\AdminBundle\Controller\Admin\DocumentController::treeGetRootAction|pimcore_admin_document_treegetroot|[]|{"id":"1","view":"","elementType":"document"}
2018-07-26T20:27:41+0200 : 4|Pimcore\Bundle\AdminBundle\Controller\Admin\AssetController::treeGetRootAction|pimcore_admin_asset_treegetroot|[]|{"id":"1","view":"","elementType":"asset"}
2018-07-26T20:27:41+0200 : 4|Pimcore\Bundle\AdminBundle\Controller\Admin\DataObjectController::treeGetRootAction|pimcore_admin_dataobject_treegetroot|[]|{"id":"","view":"","elementType":"object"}
2018-07-26T20:27:41+0200 : 4|Pimcore\Bundle\AdminBundle\Controller\Admin\PortalController::dashboardListAction|pimcore_admin_portal_dashboardlist|[]|[]
2018-07-26T20:27:41+0200 : 4|Pimcore\Bundle\AdminBundle\Controller\Admin\DocumentController::docTypesGetAction|pimcore_admin_document_doctypesget|[]|{"xaction":"read","page":"1","start":"0","limit":"25"}
2018-07-26T20:27:41+0200 : 4|Pimcore\Bundle\AdminBundle\Controller\Admin\DocumentController::treeGetChildsByIdAction|pimcore_admin_document_treegetchildsbyid|[]|{"limit":"100","view":"","node":"1"}
2018-07-26T20:27:41+0200 : 4|Pimcore\Bundle\AdminBundle\Controller\Admin\DocumentController::treeGetChildsByIdAction|pimcore_admin_document_treegetchildsbyid|[]|{"limit":"100","view":"","node":"1"}
2018-07-26T20:27:41+0200 : 4|Pimcore\Bundle\AdminBundle\Controller\Admin\AssetController::treeGetChildsByIdAction|pimcore_admin_asset_treegetchildsbyid|[]|{"limit":"30","view":"","node":"1"}
2018-07-26T20:27:41+0200 : 4|Pimcore\Bundle\AdminBundle\Controller\Admin\AssetController::treeGetChildsByIdAction|pimcore_admin_asset_treegetchildsbyid|[]|{"limit":"30","view":"","node":"1"}
2018-07-26T20:27:41+0200 : 4|Pimcore\Bundle\AdminBundle\Controller\Admin\DataObjectController::treeGetChildsByIdAction|pimcore_admin_dataobject_treegetchildsbyid|[]|{"limit":"30","view":"","node":"1"}
2018-07-26T20:27:41+0200 : 4|Pimcore\Bundle\AdminBundle\Controller\Admin\DataObjectController::treeGetChildsByIdAction|pimcore_admin_dataobject_treegetchildsbyid|[]|{"limit":"30","view":"","node":"1"}
2018-07-26T20:27:41+0200 : 4|Pimcore\Bundle\AdminBundle\Controller\Reports\CustomReportController::getReportConfigAction|pimcore_admin_reports_customreport_getreportconfig|[]|[]
2018-07-26T20:27:51+0200 : 4|Pimcore\Bundle\AdminBundle\Controller\Update\IndexController::checkFilePermissionsAction|pimcore_admin_update_index_checkfilepermissions|[]|[]
2018-07-26T20:27:51+0200 : 4|Pimcore\Bundle\AdminBundle\Controller\Update\IndexController::checkDebugModeAction|pimcore_admin_update_index_checkdebugmode|[]|[]
2018-07-26T20:27:59+0200 : 4|Pimcore\Bundle\AdminBundle\Controller\Admin\SettingsController::getSystemAction|pimcore_admin_settings_getsystem|[]|[]
2018-07-26T20:28:04+0200 : 4|Pimcore\Bundle\AdminBundle\Controller\Update\IndexController::checkFilePermissionsAction|pimcore_admin_update_index_checkfilepermissions|[]|[]
2018-07-26T20:28:04+0200 : 4|Pimcore\Bundle\AdminBundle\Controller\Update\IndexController::checkDebugModeAction|pimcore_admin_update_index_checkdebugmode|[]|[]
2018-07-26T20:28:10+0200 : 4|Pimcore\Bundle\AdminBundle\Controller\Admin\TranslationController::addAdminTranslationKeysAction|pimcore_admin_translation_addadmintranslationkeys|[]|{"keys":"[\"blogArticle\",\"blogCategory\",\"blogArtic..."}
2018-07-26T20:34:22+0200 : 4|Pimcore\Bundle\AdminBundle\Controller\Admin\SettingsController::setSystemAction|pimcore_admin_settings_setsystem|[]|{"data":"{\"general.timezone\":\"Europe\\\/Berlin\",\"ge..."}
2018-07-26T20:34:26+0200 : 4|Pimcore\Bundle\AdminBundle\Controller\Admin\IndexController::indexAction|pimcore_admin_index|[]|[]
2018-07-26T20:34:27+0200 : 4|Pimcore\Bundle\AdminBundle\Controller\Admin\UserController::getImageAction|pimcore_admin_user_getimage|[]|[]
2018-07-26T20:34:27+0200 : 4|Pimcore\Bundle\AdminBundle\Controller\Admin\MiscController::jsonTranslationsSystemAction|pimcore_admin_misc_jsontranslationssystem|[]|{"language":"en"}
2018-07-26T20:34:27+0200 : 4|Pimcore\Bundle\AdminBundle\Controller\Admin\UserController::getCurrentUserAction|pimcore_admin_user_getcurrentuser|[]|[]
2018-07-26T20:34:27+0200 : 4|Pimcore\Bundle\AdminBundle\Controller\Admin\MiscController::adminCssAction|pimcore_admin_misc_admincss|[]|[]
2018-07-26T20:34:27+0200 : 4|Pimcore\Bundle\AdminBundle\Controller\Admin\MiscController::availableLanguagesAction|pimcore_admin_misc_availablelanguages|[]|[]
2018-07-26T20:34:27+0200 : 4|Pimcore\Bundle\AdminBundle\Controller\Admin\MiscController::scriptProxyAction|pimcore_admin_misc_scriptproxy|[]|{"scripts":"minified_javascript_core_920234191da9ea1..."}
2018-07-26T20:34:29+0200 : 4|Pimcore\Bundle\AdminBundle\Controller\Admin\ClassController::getTreeAction|pimcore_admin_class_gettree|[]|{"createAllowed":"true","page":"1","start":"0","limit":"25"}
2018-07-26T20:34:29+0200 : 4|Pimcore\Bundle\AdminBundle\Controller\Admin\SettingsController::getAvailableAdminLanguagesAction|pimcore_admin_settings_getavailableadminlanguages|[]|{"page":"1","start":"0","limit":"25"}
2018-07-26T20:34:29+0200 : 4|Pimcore\Bundle\AdminBundle\Controller\Admin\SettingsController::getAvailableSitesAction|pimcore_admin_settings_getavailablesites|[]|{"page":"1","start":"0","limit":"25"}
2018-07-26T20:34:29+0200 : 4|Pimcore\Bundle\AdminBundle\Controller\Admin\ClassController::getTreeAction|pimcore_admin_class_gettree|[]|{"page":"1","start":"0","limit":"25"}
2018-07-26T20:34:29+0200 : 4|Pimcore\Bundle\AdminBundle\Controller\Admin\TargetingController::targetGroupListAction|pimcore_admin_targeting_targetgrouplist|[]|{"page":"1","start":"0","limit":"25"}
2018-07-26T20:34:29+0200 : 4|Pimcore\Bundle\AdminBundle\Controller\Admin\SettingsController::displayCustomLogoAction|pimcore_settings_display_custom_logo|[]|[]
2018-07-26T20:34:29+0200 : 4|Pimcore\Bundle\AdminBundle\Controller\Admin\DocumentController::treeGetRootAction|pimcore_admin_document_treegetroot|[]|{"id":"1","view":"","elementType":"document"}
2018-07-26T20:34:29+0200 : 4|Pimcore\Bundle\AdminBundle\Controller\Admin\AssetController::treeGetRootAction|pimcore_admin_asset_treegetroot|[]|{"id":"1","view":"","elementType":"asset"}
2018-07-26T20:34:29+0200 : 4|Pimcore\Bundle\AdminBundle\Controller\Admin\DataObjectController::treeGetRootAction|pimcore_admin_dataobject_treegetroot|[]|{"id":"","view":"","elementType":"object"}
2018-07-26T20:34:30+0200 : 4|Pimcore\Bundle\AdminBundle\Controller\Admin\PortalController::dashboardListAction|pimcore_admin_portal_dashboardlist|[]|[]
2018-07-26T20:34:30+0200 : 4|Pimcore\Bundle\AdminBundle\Controller\Admin\DocumentController::docTypesGetAction|pimcore_admin_document_doctypesget|[]|{"xaction":"read","page":"1","start":"0","limit":"25"}
2018-07-26T20:34:30+0200 : 4|Pimcore\Bundle\AdminBundle\Controller\Admin\DocumentController::treeGetChildsByIdAction|pimcore_admin_document_treegetchildsbyid|[]|{"limit":"100","view":"","node":"1"}
2018-07-26T20:34:30+0200 : 4|Pimcore\Bundle\AdminBundle\Controller\Admin\DocumentController::treeGetChildsByIdAction|pimcore_admin_document_treegetchildsbyid|[]|{"limit":"100","view":"","node":"1"}
2018-07-26T20:34:30+0200 : 4|Pimcore\Bundle\AdminBundle\Controller\Admin\AssetController::treeGetChildsByIdAction|pimcore_admin_asset_treegetchildsbyid|[]|{"limit":"30","view":"","node":"1"}
2018-07-26T20:34:30+0200 : 4|Pimcore\Bundle\AdminBundle\Controller\Admin\AssetController::treeGetChildsByIdAction|pimcore_admin_asset_treegetchildsbyid|[]|{"limit":"30","view":"","node":"1"}
2018-07-26T20:34:30+0200 : 4|Pimcore\Bundle\AdminBundle\Controller\Admin\DataObjectController::treeGetChildsByIdAction|pimcore_admin_dataobject_treegetchildsbyid|[]|{"limit":"30","view":"","node":"1"}
2018-07-26T20:34:30+0200 : 4|Pimcore\Bundle\AdminBundle\Controller\Admin\DataObjectController::treeGetChildsByIdAction|pimcore_admin_dataobject_treegetchildsbyid|[]|{"limit":"30","view":"","node":"1"}
2018-07-26T20:34:30+0200 : 4|Pimcore\Bundle\AdminBundle\Controller\Reports\CustomReportController::getReportConfigAction|pimcore_admin_reports_customreport_getreportconfig|[]|[]
2018-07-26T20:34:34+0200 : 4|Pimcore\Bundle\AdminBundle\Controller\Admin\SettingsController::websiteSettingsAction|pimcore_admin_settings_websitesettings|[]|{"xaction":"read","page":"1","start":"0","limit":"50"}
2018-07-26T20:34:37+0200 : 4|Pimcore\Bundle\AdminBundle\Controller\Admin\SettingsController::getSystemAction|pimcore_admin_settings_getsystem|[]|[]
2018-07-26T20:34:52+0200 : 4|Pimcore\Bundle\AdminBundle\Controller\Admin\SettingsController::setSystemAction|pimcore_admin_settings_setsystem|[]|{"data":"{\"general.timezone\":\"Europe\\\/Berlin\",\"ge..."}
2018-07-26T20:34:56+0200 : 4|Pimcore\Bundle\AdminBundle\Controller\Admin\IndexController::indexAction|pimcore_admin_index|[]|[]
2018-07-26T20:34:56+0200 : 4|Pimcore\Bundle\AdminBundle\Controller\Admin\UserController::getImageAction|pimcore_admin_user_getimage|[]|[]
2018-07-26T20:34:56+0200 : 4|Pimcore\Bundle\AdminBundle\Controller\Admin\MiscController::jsonTranslationsSystemAction|pimcore_admin_misc_jsontranslationssystem|[]|{"language":"en"}
2018-07-26T20:34:56+0200 : 4|Pimcore\Bundle\AdminBundle\Controller\Admin\MiscController::adminCssAction|pimcore_admin_misc_admincss|[]|[]
2018-07-26T20:34:57+0200 : 4|Pimcore\Bundle\AdminBundle\Controller\Admin\UserController::getCurrentUserAction|pimcore_admin_user_getcurrentuser|[]|[]
2018-07-26T20:34:57+0200 : 4|Pimcore\Bundle\AdminBundle\Controller\Admin\MiscController::availableLanguagesAction|pimcore_admin_misc_availablelanguages|[]|[]
2018-07-26T20:34:57+0200 : 4|Pimcore\Bundle\AdminBundle\Controller\Admin\MiscController::scriptProxyAction|pimcore_admin_misc_scriptproxy|[]|{"scripts":"minified_javascript_core_920234191da9ea1..."}
2018-07-26T20:34:59+0200 : 4|Pimcore\Bundle\AdminBundle\Controller\Admin\ClassController::getTreeAction|pimcore_admin_class_gettree|[]|{"page":"1","start":"0","limit":"25"}
2018-07-26T20:34:59+0200 : 4|Pimcore\Bundle\AdminBundle\Controller\Admin\ClassController::getTreeAction|pimcore_admin_class_gettree|[]|{"createAllowed":"true","page":"1","start":"0","limit":"25"}
2018-07-26T20:34:59+0200 : 4|Pimcore\Bundle\AdminBundle\Controller\Admin\SettingsController::getAvailableSitesAction|pimcore_admin_settings_getavailablesites|[]|{"page":"1","start":"0","limit":"25"}
2018-07-26T20:34:59+0200 : 4|Pimcore\Bundle\AdminBundle\Controller\Admin\SettingsController::getAvailableAdminLanguagesAction|pimcore_admin_settings_getavailableadminlanguages|[]|{"page":"1","start":"0","limit":"25"}
2018-07-26T20:34:59+0200 : 4|Pimcore\Bundle\AdminBundle\Controller\Admin\TargetingController::targetGroupListAction|pimcore_admin_targeting_targetgrouplist|[]|{"page":"1","start":"0","limit":"25"}
2018-07-26T20:34:59+0200 : 4|Pimcore\Bundle\AdminBundle\Controller\Admin\SettingsController::displayCustomLogoAction|pimcore_settings_display_custom_logo|[]|[]
2018-07-26T20:34:59+0200 : 4|Pimcore\Bundle\AdminBundle\Controller\Admin\DocumentController::treeGetRootAction|pimcore_admin_document_treegetroot|[]|{"id":"1","view":"","elementType":"document"}
2018-07-26T20:34:59+0200 : 4|Pimcore\Bundle\AdminBundle\Controller\Admin\AssetController::treeGetRootAction|pimcore_admin_asset_treegetroot|[]|{"id":"1","view":"","elementType":"asset"}
2018-07-26T20:34:59+0200 : 4|Pimcore\Bundle\AdminBundle\Controller\Admin\DataObjectController::treeGetRootAction|pimcore_admin_dataobject_treegetroot|[]|{"id":"","view":"","elementType":"object"}
2018-07-26T20:34:59+0200 : 4|Pimcore\Bundle\AdminBundle\Controller\Admin\PortalController::dashboardListAction|pimcore_admin_portal_dashboardlist|[]|[]
2018-07-26T20:34:59+0200 : 4|Pimcore\Bundle\AdminBundle\Controller\Admin\DocumentController::treeGetChildsByIdAction|pimcore_admin_document_treegetchildsbyid|[]|{"limit":"100","view":"","node":"1"}
2018-07-26T20:34:59+0200 : 4|Pimcore\Bundle\AdminBundle\Controller\Admin\DocumentController::docTypesGetAction|pimcore_admin_document_doctypesget|[]|{"xaction":"read","page":"1","start":"0","limit":"25"}
2018-07-26T20:34:59+0200 : 4|Pimcore\Bundle\AdminBundle\Controller\Admin\DocumentController::treeGetChildsByIdAction|pimcore_admin_document_treegetchildsbyid|[]|{"limit":"100","view":"","node":"1"}
2018-07-26T20:34:59+0200 : 4|Pimcore\Bundle\AdminBundle\Controller\Admin\AssetController::treeGetChildsByIdAction|pimcore_admin_asset_treegetchildsbyid|[]|{"limit":"30","view":"","node":"1"}
2018-07-26T20:34:59+0200 : 4|Pimcore\Bundle\AdminBundle\Controller\Admin\AssetController::treeGetChildsByIdAction|pimcore_admin_asset_treegetchildsbyid|[]|{"limit":"30","view":"","node":"1"}
2018-07-26T20:34:59+0200 : 4|Pimcore\Bundle\AdminBundle\Controller\Admin\DataObjectController::treeGetChildsByIdAction|pimcore_admin_dataobject_treegetchildsbyid|[]|{"limit":"30","view":"","node":"1"}
2018-07-26T20:34:59+0200 : 4|Pimcore\Bundle\AdminBundle\Controller\Admin\DataObjectController::treeGetChildsByIdAction|pimcore_admin_dataobject_treegetchildsbyid|[]|{"limit":"30","view":"","node":"1"}
2018-07-26T20:34:59+0200 : 4|Pimcore\Bundle\AdminBundle\Controller\Reports\CustomReportController::getReportConfigAction|pimcore_admin_reports_customreport_getreportconfig|[]|[]
2018-07-26T20:35:06+0200 : 4|Pimcore\Bundle\AdminBundle\Controller\Admin\SettingsController::getSystemAction|pimcore_admin_settings_getsystem|[]|[]
2018-07-26T20:35:27+0200 : 4|Pimcore\Bundle\AdminBundle\Controller\Admin\SettingsController::setSystemAction|pimcore_admin_settings_setsystem|[]|{"data":"{\"general.timezone\":\"Europe\\\/Berlin\",\"ge..."}
2018-07-26T20:35:28+0200 : 4|Pimcore\Bundle\AdminBundle\Controller\Admin\TranslationController::addAdminTranslationKeysAction|pimcore_admin_translation_addadmintranslationkeys|[]|{"keys":"[\"blogArticle\",\"blogCategory\",\"blogArtic..."}
2018-07-26T20:35:30+0200 : 4|Pimcore\Bundle\AdminBundle\Controller\Admin\IndexController::indexAction|pimcore_admin_index|[]|[]
2018-07-26T20:35:30+0200 : 4|Pimcore\Bundle\AdminBundle\Controller\Admin\UserController::getImageAction|pimcore_admin_user_getimage|[]|[]
2018-07-26T20:35:30+0200 : 4|Pimcore\Bundle\AdminBundle\Controller\Admin\MiscController::jsonTranslationsSystemAction|pimcore_admin_misc_jsontranslationssystem|[]|{"language":"en"}
2018-07-26T20:35:30+0200 : 4|Pimcore\Bundle\AdminBundle\Controller\Admin\MiscController::availableLanguagesAction|pimcore_admin_misc_availablelanguages|[]|[]
2018-07-26T20:35:30+0200 : 4|Pimcore\Bundle\AdminBundle\Controller\Admin\UserController::getCurrentUserAction|pimcore_admin_user_getcurrentuser|[]|[]
2018-07-26T20:35:30+0200 : 4|Pimcore\Bundle\AdminBundle\Controller\Admin\MiscController::adminCssAction|pimcore_admin_misc_admincss|[]|[]
2018-07-26T20:35:34+0200 : 4|Pimcore\Bundle\AdminBundle\Controller\Admin\ClassController::getTreeAction|pimcore_admin_class_gettree|[]|{"page":"1","start":"0","limit":"25"}
2018-07-26T20:35:34+0200 : 4|Pimcore\Bundle\AdminBundle\Controller\Admin\ClassController::getTreeAction|pimcore_admin_class_gettree|[]|{"createAllowed":"true","page":"1","start":"0","limit":"25"}
2018-07-26T20:35:34+0200 : 4|Pimcore\Bundle\AdminBundle\Controller\Admin\SettingsController::getAvailableAdminLanguagesAction|pimcore_admin_settings_getavailableadminlanguages|[]|{"page":"1","start":"0","limit":"25"}
2018-07-26T20:35:34+0200 : 4|Pimcore\Bundle\AdminBundle\Controller\Admin\SettingsController::getAvailableSitesAction|pimcore_admin_settings_getavailablesites|[]|{"page":"1","start":"0","limit":"25"}
2018-07-26T20:35:34+0200 : 4|Pimcore\Bundle\AdminBundle\Controller\Admin\TargetingController::targetGroupListAction|pimcore_admin_targeting_targetgrouplist|[]|{"page":"1","start":"0","limit":"25"}
2018-07-26T20:35:34+0200 : 4|Pimcore\Bundle\AdminBundle\Controller\Admin\DocumentController::treeGetRootAction|pimcore_admin_document_treegetroot|[]|{"id":"1","view":"","elementType":"document"}
2018-07-26T20:35:34+0200 : 4|Pimcore\Bundle\AdminBundle\Controller\Admin\SettingsController::displayCustomLogoAction|pimcore_settings_display_custom_logo|[]|[]
2018-07-26T20:35:34+0200 : 4|Pimcore\Bundle\AdminBundle\Controller\Admin\AssetController::treeGetRootAction|pimcore_admin_asset_treegetroot|[]|{"id":"1","view":"","elementType":"asset"}
2018-07-26T20:35:34+0200 : 4|Pimcore\Bundle\AdminBundle\Controller\Admin\DataObjectController::treeGetRootAction|pimcore_admin_dataobject_treegetroot|[]|{"id":"","view":"","elementType":"object"}
2018-07-26T20:35:34+0200 : 4|Pimcore\Bundle\AdminBundle\Controller\Admin\PortalController::dashboardListAction|pimcore_admin_portal_dashboardlist|[]|[]
2018-07-26T20:35:34+0200 : 4|Pimcore\Bundle\AdminBundle\Controller\Admin\DocumentController::docTypesGetAction|pimcore_admin_document_doctypesget|[]|{"xaction":"read","page":"1","start":"0","limit":"25"}
2018-07-26T20:35:34+0200 : 4|Pimcore\Bundle\AdminBundle\Controller\Admin\DocumentController::treeGetChildsByIdAction|pimcore_admin_document_treegetchildsbyid|[]|{"limit":"100","view":"","node":"1"}
2018-07-26T20:35:34+0200 : 4|Pimcore\Bundle\AdminBundle\Controller\Admin\DocumentController::treeGetChildsByIdAction|pimcore_admin_document_treegetchildsbyid|[]|{"limit":"100","view":"","node":"1"}
2018-07-26T20:35:34+0200 : 4|Pimcore\Bundle\AdminBundle\Controller\Admin\AssetController::treeGetChildsByIdAction|pimcore_admin_asset_treegetchildsbyid|[]|{"limit":"30","view":"","node":"1"}
2018-07-26T20:35:34+0200 : 4|Pimcore\Bundle\AdminBundle\Controller\Admin\AssetController::treeGetChildsByIdAction|pimcore_admin_asset_treegetchildsbyid|[]|{"limit":"30","view":"","node":"1"}
2018-07-26T20:35:35+0200 : 4|Pimcore\Bundle\AdminBundle\Controller\Admin\DataObjectController::treeGetChildsByIdAction|pimcore_admin_dataobject_treegetchildsbyid|[]|{"limit":"30","view":"","node":"1"}
2018-07-26T20:35:35+0200 : 4|Pimcore\Bundle\AdminBundle\Controller\Admin\DataObjectController::treeGetChildsByIdAction|pimcore_admin_dataobject_treegetchildsbyid|[]|{"limit":"30","view":"","node":"1"}
2018-07-26T20:35:35+0200 : 4|Pimcore\Bundle\AdminBundle\Controller\Reports\CustomReportController::getReportConfigAction|pimcore_admin_reports_customreport_getreportconfig|[]|[]
2018-07-26T20:35:41+0200 : 4|Pimcore\Bundle\AdminBundle\Controller\Update\IndexController::checkFilePermissionsAction|pimcore_admin_update_index_checkfilepermissions|[]|[]
2018-07-26T20:35:42+0200 : 4|Pimcore\Bundle\AdminBundle\Controller\Update\IndexController::checkDebugModeAction|pimcore_admin_update_index_checkdebugmode|[]|[]
2018-07-26T20:35:49+0200 : 4|Pimcore\Bundle\AdminBundle\Controller\Admin\SettingsController::websiteSettingsAction|pimcore_admin_settings_websitesettings|[]|{"xaction":"read","page":"1","start":"0","limit":"50"}
2018-07-26T20:35:51+0200 : 4|Pimcore\Bundle\AdminBundle\Controller\Admin\SettingsController::getSystemAction|pimcore_admin_settings_getsystem|[]|[]
2018-07-26T20:36:03+0200 : 4|Pimcore\Bundle\AdminBundle\Controller\Admin\TranslationController::addAdminTranslationKeysAction|pimcore_admin_translation_addadmintranslationkeys|[]|{"keys":"[\"blogArticle\",\"blogCategory\",\"blogArtic..."}
2018-07-26T20:38:51+0200 : 4|Pimcore\Bundle\AdminBundle\Controller\Admin\SettingsController::uploadCustomLogoAction|pimcore_admin_settings_uploadcustomlogo|[]|{"csrfToken":"fb37f45d5bee3cf1ed2542336917ea17edfe79ed"}
2018-07-26T20:38:51+0200 : 4|Pimcore\Bundle\AdminBundle\Controller\Admin\SettingsController::displayCustomLogoAction|pimcore_settings_display_custom_logo|[]|[]
2018-07-26T20:38:56+0200 : 4|Pimcore\Bundle\AdminBundle\Controller\Admin\SettingsController::setSystemAction|pimcore_admin_settings_setsystem|[]|{"data":"{\"general.timezone\":\"Europe\\\/Berlin\",\"ge..."}
2018-07-26T20:38:58+0200 : 4|Pimcore\Bundle\AdminBundle\Controller\Admin\IndexController::indexAction|pimcore_admin_index|[]|[]
2018-07-26T20:38:58+0200 : 4|Pimcore\Bundle\AdminBundle\Controller\Admin\UserController::getImageAction|pimcore_admin_user_getimage|[]|[]
2018-07-26T20:38:58+0200 : 4|Pimcore\Bundle\AdminBundle\Controller\Admin\MiscController::jsonTranslationsSystemAction|pimcore_admin_misc_jsontranslationssystem|[]|{"language":"en"}
2018-07-26T20:38:58+0200 : 4|Pimcore\Bundle\AdminBundle\Controller\Admin\MiscController::availableLanguagesAction|pimcore_admin_misc_availablelanguages|[]|[]
2018-07-26T20:38:58+0200 : 4|Pimcore\Bundle\AdminBundle\Controller\Admin\UserController::getCurrentUserAction|pimcore_admin_user_getcurrentuser|[]|[]
2018-07-26T20:38:58+0200 : 4|Pimcore\Bundle\AdminBundle\Controller\Admin\MiscController::adminCssAction|pimcore_admin_misc_admincss|[]|[]
2018-07-26T20:39:02+0200 : 4|Pimcore\Bundle\AdminBundle\Controller\Admin\ClassController::getTreeAction|pimcore_admin_class_gettree|[]|{"createAllowed":"true","page":"1","start":"0","limit":"25"}
2018-07-26T20:39:02+0200 : 4|Pimcore\Bundle\AdminBundle\Controller\Admin\ClassController::getTreeAction|pimcore_admin_class_gettree|[]|{"page":"1","start":"0","limit":"25"}
2018-07-26T20:39:02+0200 : 4|Pimcore\Bundle\AdminBundle\Controller\Admin\TargetingController::targetGroupListAction|pimcore_admin_targeting_targetgrouplist|[]|{"page":"1","start":"0","limit":"25"}
2018-07-26T20:39:02+0200 : 4|Pimcore\Bundle\AdminBundle\Controller\Admin\SettingsController::getAvailableSitesAction|pimcore_admin_settings_getavailablesites|[]|{"page":"1","start":"0","limit":"25"}
2018-07-26T20:39:02+0200 : 4|Pimcore\Bundle\AdminBundle\Controller\Admin\SettingsController::displayCustomLogoAction|pimcore_settings_display_custom_logo|[]|[]
2018-07-26T20:39:02+0200 : 4|Pimcore\Bundle\AdminBundle\Controller\Admin\DocumentController::treeGetRootAction|pimcore_admin_document_treegetroot|[]|{"id":"1","view":"","elementType":"document"}
2018-07-26T20:39:02+0200 : 4|Pimcore\Bundle\AdminBundle\Controller\Admin\SettingsController::getAvailableAdminLanguagesAction|pimcore_admin_settings_getavailableadminlanguages|[]|{"page":"1","start":"0","limit":"25"}
2018-07-26T20:39:02+0200 : 4|Pimcore\Bundle\AdminBundle\Controller\Admin\DataObjectController::treeGetRootAction|pimcore_admin_dataobject_treegetroot|[]|{"id":"","view":"","elementType":"object"}
2018-07-26T20:39:02+0200 : 4|Pimcore\Bundle\AdminBundle\Controller\Admin\AssetController::treeGetRootAction|pimcore_admin_asset_treegetroot|[]|{"id":"1","view":"","elementType":"asset"}
2018-07-26T20:39:02+0200 : 4|Pimcore\Bundle\AdminBundle\Controller\Admin\PortalController::dashboardListAction|pimcore_admin_portal_dashboardlist|[]|[]
2018-07-26T20:39:02+0200 : 4|Pimcore\Bundle\AdminBundle\Controller\Admin\DocumentController::docTypesGetAction|pimcore_admin_document_doctypesget|[]|{"xaction":"read","page":"1","start":"0","limit":"25"}
2018-07-26T20:39:02+0200 : 4|Pimcore\Bundle\AdminBundle\Controller\Admin\DocumentController::treeGetChildsByIdAction|pimcore_admin_document_treegetchildsbyid|[]|{"limit":"100","view":"","node":"1"}
2018-07-26T20:39:02+0200 : 4|Pimcore\Bundle\AdminBundle\Controller\Admin\DocumentController::treeGetChildsByIdAction|pimcore_admin_document_treegetchildsbyid|[]|{"limit":"100","view":"","node":"1"}
2018-07-26T20:39:03+0200 : 4|Pimcore\Bundle\AdminBundle\Controller\Admin\AssetController::treeGetChildsByIdAction|pimcore_admin_asset_treegetchildsbyid|[]|{"limit":"30","view":"","node":"1"}
2018-07-26T20:39:03+0200 : 4|Pimcore\Bundle\AdminBundle\Controller\Admin\AssetController::treeGetChildsByIdAction|pimcore_admin_asset_treegetchildsbyid|[]|{"limit":"30","view":"","node":"1"}
2018-07-26T20:39:03+0200 : 4|Pimcore\Bundle\AdminBundle\Controller\Admin\DataObjectController::treeGetChildsByIdAction|pimcore_admin_dataobject_treegetchildsbyid|[]|{"limit":"30","view":"","node":"1"}
2018-07-26T20:39:03+0200 : 4|Pimcore\Bundle\AdminBundle\Controller\Admin\DataObjectController::treeGetChildsByIdAction|pimcore_admin_dataobject_treegetchildsbyid|[]|{"limit":"30","view":"","node":"1"}
2018-07-26T20:39:03+0200 : 4|Pimcore\Bundle\AdminBundle\Controller\Reports\CustomReportController::getReportConfigAction|pimcore_admin_reports_customreport_getreportconfig|[]|[]
2018-07-26T20:39:31+0200 : 4|Pimcore\Bundle\AdminBundle\Controller\Admin\TranslationController::addAdminTranslationKeysAction|pimcore_admin_translation_addadmintranslationkeys|[]|{"keys":"[\"blogArticle\",\"blogCategory\",\"blogArtic..."}
2018-07-26T20:39:31+0200 : 4|Pimcore\Bundle\AdminBundle\Controller\Update\IndexController::checkFilePermissionsAction|pimcore_admin_update_index_checkfilepermissions|[]|[]
2018-07-26T20:39:32+0200 : 4|Pimcore\Bundle\AdminBundle\Controller\Update\IndexController::checkDebugModeAction|pimcore_admin_update_index_checkdebugmode|[]|[]
2018-07-26T20:39:39+0200 : 4|Pimcore\Bundle\AdminBundle\Controller\Admin\SettingsController::getSystemAction|pimcore_admin_settings_getsystem|[]|[]
2018-07-26T20:39:44+0200 : 4|Pimcore\Bundle\AdminBundle\Controller\Admin\SettingsController::setSystemAction|pimcore_admin_settings_setsystem|[]|{"data":"{\"general.timezone\":\"Europe\\\/Berlin\",\"ge..."}
2018-07-26T20:39:45+0200 : 4|Pimcore\Bundle\AdminBundle\Controller\Admin\IndexController::indexAction|pimcore_admin_index|[]|[]
2018-07-26T20:39:46+0200 : 4|Pimcore\Bundle\AdminBundle\Controller\Admin\UserController::getImageAction|pimcore_admin_user_getimage|[]|[]
2018-07-26T20:39:46+0200 : 4|Pimcore\Bundle\AdminBundle\Controller\Admin\MiscController::jsonTranslationsSystemAction|pimcore_admin_misc_jsontranslationssystem|[]|{"language":"en"}
2018-07-26T20:39:46+0200 : 4|Pimcore\Bundle\AdminBundle\Controller\Admin\UserController::getCurrentUserAction|pimcore_admin_user_getcurrentuser|[]|[]
2018-07-26T20:39:46+0200 : 4|Pimcore\Bundle\AdminBundle\Controller\Admin\MiscController::adminCssAction|pimcore_admin_misc_admincss|[]|[]
2018-07-26T20:39:46+0200 : 4|Pimcore\Bundle\AdminBundle\Controller\Admin\MiscController::availableLanguagesAction|pimcore_admin_misc_availablelanguages|[]|[]
2018-07-26T20:39:50+0200 : 4|Pimcore\Bundle\AdminBundle\Controller\Admin\ClassController::getTreeAction|pimcore_admin_class_gettree|[]|{"page":"1","start":"0","limit":"25"}
2018-07-26T20:39:50+0200 : 4|Pimcore\Bundle\AdminBundle\Controller\Admin\SettingsController::getAvailableAdminLanguagesAction|pimcore_admin_settings_getavailableadminlanguages|[]|{"page":"1","start":"0","limit":"25"}
2018-07-26T20:39:50+0200 : 4|Pimcore\Bundle\AdminBundle\Controller\Admin\ClassController::getTreeAction|pimcore_admin_class_gettree|[]|{"createAllowed":"true","page":"1","start":"0","limit":"25"}
2018-07-26T20:39:50+0200 : 4|Pimcore\Bundle\AdminBundle\Controller\Admin\TargetingController::targetGroupListAction|pimcore_admin_targeting_targetgrouplist|[]|{"page":"1","start":"0","limit":"25"}
2018-07-26T20:39:50+0200 : 4|Pimcore\Bundle\AdminBundle\Controller\Admin\DocumentController::treeGetRootAction|pimcore_admin_document_treegetroot|[]|{"id":"1","view":"","elementType":"document"}
2018-07-26T20:39:50+0200 : 4|Pimcore\Bundle\AdminBundle\Controller\Admin\SettingsController::getAvailableSitesAction|pimcore_admin_settings_getavailablesites|[]|{"page":"1","start":"0","limit":"25"}
2018-07-26T20:39:50+0200 : 4|Pimcore\Bundle\AdminBundle\Controller\Admin\SettingsController::displayCustomLogoAction|pimcore_settings_display_custom_logo|[]|[]
2018-07-26T20:39:50+0200 : 4|Pimcore\Bundle\AdminBundle\Controller\Admin\AssetController::treeGetRootAction|pimcore_admin_asset_treegetroot|[]|{"id":"1","view":"","elementType":"asset"}
2018-07-26T20:39:50+0200 : 4|Pimcore\Bundle\AdminBundle\Controller\Admin\DataObjectController::treeGetRootAction|pimcore_admin_dataobject_treegetroot|[]|{"id":"","view":"","elementType":"object"}
2018-07-26T20:39:50+0200 : 4|Pimcore\Bundle\AdminBundle\Controller\Admin\PortalController::dashboardListAction|pimcore_admin_portal_dashboardlist|[]|[]
2018-07-26T20:39:50+0200 : 4|Pimcore\Bundle\AdminBundle\Controller\Admin\DocumentController::docTypesGetAction|pimcore_admin_document_doctypesget|[]|{"xaction":"read","page":"1","start":"0","limit":"25"}
2018-07-26T20:39:50+0200 : 4|Pimcore\Bundle\AdminBundle\Controller\Admin\DocumentController::treeGetChildsByIdAction|pimcore_admin_document_treegetchildsbyid|[]|{"limit":"100","view":"","node":"1"}
2018-07-26T20:39:50+0200 : 4|Pimcore\Bundle\AdminBundle\Controller\Admin\DocumentController::treeGetChildsByIdAction|pimcore_admin_document_treegetchildsbyid|[]|{"limit":"100","view":"","node":"1"}
2018-07-26T20:39:50+0200 : 4|Pimcore\Bundle\AdminBundle\Controller\Admin\AssetController::treeGetChildsByIdAction|pimcore_admin_asset_treegetchildsbyid|[]|{"limit":"30","view":"","node":"1"}
2018-07-26T20:39:50+0200 : 4|Pimcore\Bundle\AdminBundle\Controller\Admin\AssetController::treeGetChildsByIdAction|pimcore_admin_asset_treegetchildsbyid|[]|{"limit":"30","view":"","node":"1"}
2018-07-26T20:39:50+0200 : 4|Pimcore\Bundle\AdminBundle\Controller\Admin\DataObjectController::treeGetChildsByIdAction|pimcore_admin_dataobject_treegetchildsbyid|[]|{"limit":"30","view":"","node":"1"}
2018-07-26T20:39:50+0200 : 4|Pimcore\Bundle\AdminBundle\Controller\Admin\DataObjectController::treeGetChildsByIdAction|pimcore_admin_dataobject_treegetchildsbyid|[]|{"limit":"30","view":"","node":"1"}
2018-07-26T20:39:50+0200 : 4|Pimcore\Bundle\AdminBundle\Controller\Reports\CustomReportController::getReportConfigAction|pimcore_admin_reports_customreport_getreportconfig|[]|[]
2018-07-26T20:39:54+0200 : 4|Pimcore\Bundle\AdminBundle\Controller\Update\IndexController::checkFilePermissionsAction|pimcore_admin_update_index_checkfilepermissions|[]|[]
2018-07-26T20:39:55+0200 : 4|Pimcore\Bundle\AdminBundle\Controller\Update\IndexController::checkDebugModeAction|pimcore_admin_update_index_checkdebugmode|[]|[]
2018-07-26T20:40:00+0200 : 4|Pimcore\Bundle\AdminBundle\Controller\Admin\SettingsController::getSystemAction|pimcore_admin_settings_getsystem|[]|[]
2018-07-26T20:40:17+0200 : 4|Pimcore\Bundle\AdminBundle\Controller\Admin\SettingsController::setSystemAction|pimcore_admin_settings_setsystem|[]|{"data":"{\"general.timezone\":\"Europe\\\/Berlin\",\"ge..."}
2018-07-26T20:40:18+0200 : 4|Pimcore\Bundle\AdminBundle\Controller\Admin\IndexController::indexAction|pimcore_admin_index|[]|[]
2018-07-26T20:40:19+0200 : 4|Pimcore\Bundle\AdminBundle\Controller\Admin\UserController::getImageAction|pimcore_admin_user_getimage|[]|[]
2018-07-26T20:40:19+0200 : 4|Pimcore\Bundle\AdminBundle\Controller\Admin\MiscController::jsonTranslationsSystemAction|pimcore_admin_misc_jsontranslationssystem|[]|{"language":"en"}
2018-07-26T20:40:19+0200 : 4|Pimcore\Bundle\AdminBundle\Controller\Admin\UserController::getCurrentUserAction|pimcore_admin_user_getcurrentuser|[]|[]
2018-07-26T20:40:19+0200 : 4|Pimcore\Bundle\AdminBundle\Controller\Admin\MiscController::adminCssAction|pimcore_admin_misc_admincss|[]|[]
2018-07-26T20:40:19+0200 : 4|Pimcore\Bundle\AdminBundle\Controller\Admin\MiscController::availableLanguagesAction|pimcore_admin_misc_availablelanguages|[]|[]
2018-07-26T20:40:19+0200 : 4|Pimcore\Bundle\AdminBundle\Controller\Admin\MiscController::scriptProxyAction|pimcore_admin_misc_scriptproxy|[]|{"scripts":"minified_javascript_core_920234191da9ea1..."}
2018-07-26T20:40:21+0200 : 4|Pimcore\Bundle\AdminBundle\Controller\Admin\ClassController::getTreeAction|pimcore_admin_class_gettree|[]|{"page":"1","start":"0","limit":"25"}
2018-07-26T20:40:21+0200 : 4|Pimcore\Bundle\AdminBundle\Controller\Admin\ClassController::getTreeAction|pimcore_admin_class_gettree|[]|{"createAllowed":"true","page":"1","start":"0","limit":"25"}
2018-07-26T20:40:21+0200 : 4|Pimcore\Bundle\AdminBundle\Controller\Admin\SettingsController::getAvailableSitesAction|pimcore_admin_settings_getavailablesites|[]|{"page":"1","start":"0","limit":"25"}
2018-07-26T20:40:21+0200 : 4|Pimcore\Bundle\AdminBundle\Controller\Admin\TargetingController::targetGroupListAction|pimcore_admin_targeting_targetgrouplist|[]|{"page":"1","start":"0","limit":"25"}
2018-07-26T20:40:21+0200 : 4|Pimcore\Bundle\AdminBundle\Controller\Admin\SettingsController::getAvailableAdminLanguagesAction|pimcore_admin_settings_getavailableadminlanguages|[]|{"page":"1","start":"0","limit":"25"}
2018-07-26T20:40:21+0200 : 4|Pimcore\Bundle\AdminBundle\Controller\Admin\DocumentController::treeGetRootAction|pimcore_admin_document_treegetroot|[]|{"id":"1","view":"","elementType":"document"}
2018-07-26T20:40:21+0200 : 4|Pimcore\Bundle\AdminBundle\Controller\Admin\SettingsController::displayCustomLogoAction|pimcore_settings_display_custom_logo|[]|[]
2018-07-26T20:40:21+0200 : 4|Pimcore\Bundle\AdminBundle\Controller\Admin\AssetController::treeGetRootAction|pimcore_admin_asset_treegetroot|[]|{"id":"1","view":"","elementType":"asset"}
2018-07-26T20:40:21+0200 : 4|Pimcore\Bundle\AdminBundle\Controller\Admin\DataObjectController::treeGetRootAction|pimcore_admin_dataobject_treegetroot|[]|{"id":"","view":"","elementType":"object"}
2018-07-26T20:40:21+0200 : 4|Pimcore\Bundle\AdminBundle\Controller\Admin\PortalController::dashboardListAction|pimcore_admin_portal_dashboardlist|[]|[]
2018-07-26T20:40:21+0200 : 4|Pimcore\Bundle\AdminBundle\Controller\Admin\DocumentController::docTypesGetAction|pimcore_admin_document_doctypesget|[]|{"xaction":"read","page":"1","start":"0","limit":"25"}
2018-07-26T20:40:21+0200 : 4|Pimcore\Bundle\AdminBundle\Controller\Admin\DocumentController::treeGetChildsByIdAction|pimcore_admin_document_treegetchildsbyid|[]|{"limit":"100","view":"","node":"1"}
2018-07-26T20:40:21+0200 : 4|Pimcore\Bundle\AdminBundle\Controller\Admin\DocumentController::treeGetChildsByIdAction|pimcore_admin_document_treegetchildsbyid|[]|{"limit":"100","view":"","node":"1"}
2018-07-26T20:40:22+0200 : 4|Pimcore\Bundle\AdminBundle\Controller\Admin\AssetController::treeGetChildsByIdAction|pimcore_admin_asset_treegetchildsbyid|[]|{"limit":"30","view":"","node":"1"}
2018-07-26T20:40:22+0200 : 4|Pimcore\Bundle\AdminBundle\Controller\Admin\AssetController::treeGetChildsByIdAction|pimcore_admin_asset_treegetchildsbyid|[]|{"limit":"30","view":"","node":"1"}
2018-07-26T20:40:22+0200 : 4|Pimcore\Bundle\AdminBundle\Controller\Admin\DataObjectController::treeGetChildsByIdAction|pimcore_admin_dataobject_treegetchildsbyid|[]|{"limit":"30","view":"","node":"1"}
2018-07-26T20:40:22+0200 : 4|Pimcore\Bundle\AdminBundle\Controller\Admin\DataObjectController::treeGetChildsByIdAction|pimcore_admin_dataobject_treegetchildsbyid|[]|{"limit":"30","view":"","node":"1"}
2018-07-26T20:40:22+0200 : 4|Pimcore\Bundle\AdminBundle\Controller\Reports\CustomReportController::getReportConfigAction|pimcore_admin_reports_customreport_getreportconfig|[]|[]
2018-07-26T20:40:26+0200 : 4|Pimcore\Bundle\AdminBundle\Controller\Update\IndexController::checkFilePermissionsAction|pimcore_admin_update_index_checkfilepermissions|[]|[]
2018-07-26T20:40:27+0200 : 4|Pimcore\Bundle\AdminBundle\Controller\Update\IndexController::checkDebugModeAction|pimcore_admin_update_index_checkdebugmode|[]|[]
2018-07-26T20:40:31+0200 : 4|Pimcore\Bundle\AdminBundle\Controller\Admin\DocumentController::treeGetChildsByIdAction|pimcore_admin_document_treegetchildsbyid|[]|{"limit":"100","view":"","fromPaging":"0","start":"0","node":"40"}
2018-07-26T20:40:51+0200 : 4|Pimcore\Bundle\AdminBundle\Controller\Admin\TranslationController::addAdminTranslationKeysAction|pimcore_admin_translation_addadmintranslationkeys|[]|{"keys":"[\"blogArticle\",\"blogCategory\",\"blogArtic..."}
2018-07-26T21:03:24+0200 : 4|Pimcore\Bundle\AdminBundle\Controller\Admin\MiscController::pingAction|pimcore_admin_misc_ping|[]|[]
2018-07-26T21:26:24+0200 : 4|Pimcore\Bundle\AdminBundle\Controller\Admin\MiscController::pingAction|pimcore_admin_misc_ping|[]|[]
2018-07-26T21:49:28+0200 : 4|Pimcore\Bundle\AdminBundle\Controller\Admin\MiscController::pingAction|pimcore_admin_misc_ping|[]|[]
2018-07-26T22:12:24+0200 : 4|Pimcore\Bundle\AdminBundle\Controller\Admin\MiscController::pingAction|pimcore_admin_misc_ping|[]|[]
2018-07-26T22:35:28+0200 : 4|Pimcore\Bundle\AdminBundle\Controller\Admin\MiscController::pingAction|pimcore_admin_misc_ping|[]|[]
2018-07-26T22:58:24+0200 : 4|Pimcore\Bundle\AdminBundle\Controller\Admin\MiscController::pingAction|pimcore_admin_misc_ping|[]|[]
2018-07-26T23:21:21+0200 : 4|Pimcore\Bundle\AdminBundle\Controller\Admin\MiscController::pingAction|pimcore_admin_misc_ping|[]|[]
